1628607457654	geckodriver	INFO	Listening on 127.0.0.1:5239
1628607460724	mozprofile::profile	INFO	Using profile path C:\Users\毛小松\AppData\Local\Temp\rust_mozprofile.k3yZJFEARw4r
1628607460730	geckodriver::marionette	INFO	Starting browser C:\Program Files\Mozilla Firefox\firefox.exe
1628607460809	geckodriver::marionette	INFO	Connecting to Marionette on localhost:8625
1628607461439	Marionette	INFO	Marionette enabled
JavaScript error: resource:///modules/Interactions.jsm, line 209: NS_ERROR_FAILURE: Component returned failure code: 0x80004005 (NS_ERROR_FAILURE) [nsIUserIdleService.removeIdleObserver]
JavaScript error: resource://gre/modules/XULStore.jsm, line 66: Error: Can't find profile directory.
JavaScript error: resource://gre/modules/PlacesUtils.jsm, line 1922: NS_ERROR_UNEXPECTED: Component returned failure code: 0x8000ffff (NS_ERROR_UNEXPECTED) [nsINavHistoryService.shutdownClient]
Exiting due to channel error.
1628607580829	geckodriver	INFO	Listening on 127.0.0.1:12345
1628607583926	mozprofile::profile	INFO	Using profile path C:\Users\毛小松\AppData\Local\Temp\rust_mozprofile.NYXIlyucmzf4
1628607583933	geckodriver::marionette	INFO	Starting browser C:\Program Files\Mozilla Firefox\firefox.exe
1628607584016	geckodriver::marionette	INFO	Connecting to Marionette on localhost:3632
1628607584795	Marionette	INFO	Marionette enabled
JavaScript error: resource://gre/modules/XULStore.jsm, line 66: Error: Can't find profile directory.
1628607587871	Marionette	INFO	Listening on port 2828
1628607592449	Marionette	INFO	Stopped listening on port 2828
JavaScript error: resource:///modules/Interactions.jsm, line 209: NS_ERROR_FAILURE: Component returned failure code: 0x80004005 (NS_ERROR_FAILURE) [nsIUserIdleService.removeIdleObserver]
[Parent 19992, IPC I/O Parent] WARNING: file /builds/worker/checkouts/gecko/ipc/chromium/src/base/process_util_win.cc:167
1628607614777	geckodriver	INFO	Listening on 127.0.0.1:13120
1628607617842	mozprofile::profile	INFO	Using profile path C:\Users\毛小松\AppData\Local\Temp\rust_mozprofile.LwKTGPI3hEES
1628607617850	geckodriver::marionette	INFO	Starting browser C:\Program Files\Mozilla Firefox\firefox.exe
1628607617907	geckodriver::marionette	INFO	Connecting to Marionette on localhost:13628
1628607618378	Marionette	INFO	Marionette enabled
JavaScript error: resource://gre/modules/XULStore.jsm, line 66: Error: Can't find profile directory.
1628607621051	Marionette	INFO	Listening on port 2828
1628607682306	Marionette	INFO	Stopped listening on port 2828
JavaScript error: resource:///modules/Interactions.jsm, line 209: NS_ERROR_FAILURE: Component returned failure code: 0x80004005 (NS_ERROR_FAILURE) [nsIUserIdleService.removeIdleObserver]

###!!! [Parent][RunMessage] Error: Channel closing: too late to send/recv, messages will be lost

1628607686402	geckodriver	INFO	Listening on 127.0.0.1:2605
1628607691782	geckodriver	INFO	Listening on 127.0.0.1:8741
1628607694845	mozprofile::profile	INFO	Using profile path C:\Users\毛小松\AppData\Local\Temp\rust_mozprofile.Dwzqi4jehki3
1628607694884	geckodriver::marionette	INFO	Starting browser C:\Program Files\Mozilla Firefox\firefox.exe
1628607695704	geckodriver::marionette	INFO	Connecting to Marionette on localhost:8750
1628607696159	Marionette	INFO	Marionette enabled
JavaScript error: resource://gre/modules/XULStore.jsm, line 66: Error: Can't find profile directory.
1628607699114	Marionette	INFO	Listening on port 2828
console.error: services.settings: 
  main/doh-providers Signature failed  InvalidSignatureError: Invalid content signature (main/doh-providers)
console.error: services.settings: 
  main/doh-providers local data was corrupted
console.warn: services.settings: main/doh-providers Signature verified failed. Retry from scratch
console.error: services.settings: 
  main/doh-config Signature failed  InvalidSignatureError: Invalid content signature (main/doh-config)
console.error: services.settings: 
  main/doh-config local data was corrupted
console.warn: services.settings: main/doh-config Signature verified failed. Retry from scratch
1628608135271	Marionette	INFO	Stopped listening on port 2828
JavaScript error: resource:///modules/Interactions.jsm, line 209: NS_ERROR_FAILURE: Component returned failure code: 0x80004005 (NS_ERROR_FAILURE) [nsIUserIdleService.removeIdleObserver]

###!!! [Parent][RunMessage] Error: Channel closing: too late to send/recv, messages will be lost

[Parent 20992, IPC I/O Parent] WARNING: file /builds/worker/checkouts/gecko/ipc/chromium/src/base/process_util_win.cc:167

###!!! [Parent][RunMessage] Error: Channel closing: too late to send/recv, messages will be lost

[Parent 404, IPC I/O Parent] WARNING: file /builds/worker/checkouts/gecko/ipc/chromium/src/base/process_util_win.cc:167

###!!! [Parent][RunMessage] Error: Channel closing: too late to send/recv, messages will be lost

